
> backend@0.0.1 start:dev
> nest start --watch

[2J[3J[H[[90m16:26:15[0m] Starting compilation in watch mode...

[[90m16:26:18[0m] Found 0 errors. Watching for file changes.

[32m[Nest] 36416  - [39m2026/01/31 16:26:20 [32m    LOG[39m [38;5;3m[NestFactory] [39m[32mStarting Nest application...[39m
[32m[Nest] 36416  - [39m2026/01/31 16:26:20 [32m    LOG[39m [38;5;3m[InstanceLoader] [39m[32mTypeOrmModule dependencies initialized[39m[38;5;3m +10ms[39m
[32m[Nest] 36416  - [39m2026/01/31 16:26:20 [32m    LOG[39m [38;5;3m[InstanceLoader] [39m[32mPassportModule dependencies initialized[39m[38;5;3m +0ms[39m
[32m[Nest] 36416  - [39m2026/01/31 16:26:20 [32m    LOG[39m [38;5;3m[InstanceLoader] [39m[32mConfigHostModule dependencies initialized[39m[38;5;3m +0ms[39m
[32m[Nest] 36416  - [39m2026/01/31 16:26:20 [32m    LOG[39m [38;5;3m[InstanceLoader] [39m[32mHttpModule dependencies initialized[39m[38;5;3m +0ms[39m
[32m[Nest] 36416  - [39m2026/01/31 16:26:20 [32m    LOG[39m [38;5;3m[InstanceLoader] [39m[32mAppModule dependencies initialized[39m[38;5;3m +0ms[39m
[32m[Nest] 36416  - [39m2026/01/31 16:26:20 [32m    LOG[39m [38;5;3m[InstanceLoader] [39m[32mConfigModule dependencies initialized[39m[38;5;3m +0ms[39m
[32m[Nest] 36416  - [39m2026/01/31 16:26:20 [32m    LOG[39m [38;5;3m[InstanceLoader] [39m[32mConfigModule dependencies initialized[39m[38;5;3m +0ms[39m
[32m[Nest] 36416  - [39m2026/01/31 16:26:20 [32m    LOG[39m [38;5;3m[InstanceLoader] [39m[32mJwtModule dependencies initialized[39m[38;5;3m +6ms[39m
[32m[Nest] 36416  - [39m2026/01/31 16:26:20 [32m    LOG[39m [38;5;3m[InstanceLoader] [39m[32mTypeOrmCoreModule dependencies initialized[39m[38;5;3m +56ms[39m
[32m[Nest] 36416  - [39m2026/01/31 16:26:20 [32m    LOG[39m [38;5;3m[InstanceLoader] [39m[32mTypeOrmModule dependencies initialized[39m[38;5;3m +0ms[39m
[32m[Nest] 36416  - [39m2026/01/31 16:26:20 [32m    LOG[39m [38;5;3m[InstanceLoader] [39m[32mTypeOrmModule dependencies initialized[39m[38;5;3m +0ms[39m
[32m[Nest] 36416  - [39m2026/01/31 16:26:20 [32m    LOG[39m [38;5;3m[InstanceLoader] [39m[32mTypeOrmModule dependencies initialized[39m[38;5;3m +0ms[39m
[32m[Nest] 36416  - [39m2026/01/31 16:26:20 [32m    LOG[39m [38;5;3m[InstanceLoader] [39m[32mTypeOrmModule dependencies initialized[39m[38;5;3m +0ms[39m
[32m[Nest] 36416  - [39m2026/01/31 16:26:20 [32m    LOG[39m [38;5;3m[InstanceLoader] [39m[32mTypeOrmModule dependencies initialized[39m[38;5;3m +0ms[39m
[32m[Nest] 36416  - [39m2026/01/31 16:26:20 [32m    LOG[39m [38;5;3m[InstanceLoader] [39m[32mTypeOrmModule dependencies initialized[39m[38;5;3m +0ms[39m
[32m[Nest] 36416  - [39m2026/01/31 16:26:20 [32m    LOG[39m [38;5;3m[InstanceLoader] [39m[32mTypeOrmModule dependencies initialized[39m[38;5;3m +0ms[39m
[32m[Nest] 36416  - [39m2026/01/31 16:26:20 [32m    LOG[39m [38;5;3m[InstanceLoader] [39m[32mAuthModule dependencies initialized[39m[38;5;3m +3ms[39m
[32m[Nest] 36416  - [39m2026/01/31 16:26:20 [32m    LOG[39m [38;5;3m[InstanceLoader] [39m[32mUsersModule dependencies initialized[39m[38;5;3m +1ms[39m
[32m[Nest] 36416  - [39m2026/01/31 16:26:20 [32m    LOG[39m [38;5;3m[InstanceLoader] [39m[32mBabyModule dependencies initialized[39m[38;5;3m +0ms[39m
[32m[Nest] 36416  - [39m2026/01/31 16:26:20 [32m    LOG[39m [38;5;3m[InstanceLoader] [39m[32mSettingsModule dependencies initialized[39m[38;5;3m +0ms[39m
[32m[Nest] 36416  - [39m2026/01/31 16:26:20 [32m    LOG[39m [38;5;3m[InstanceLoader] [39m[32mNotificationsModule dependencies initialized[39m[38;5;3m +0ms[39m
[32m[Nest] 36416  - [39m2026/01/31 16:26:20 [32m    LOG[39m [38;5;3m[InstanceLoader] [39m[32mFamilyModule dependencies initialized[39m[38;5;3m +0ms[39m
[32m[Nest] 36416  - [39m2026/01/31 16:26:20 [32m    LOG[39m [38;5;3m[InstanceLoader] [39m[32mRecordModule dependencies initialized[39m[38;5;3m +0ms[39m
[32m[Nest] 36416  - [39m2026/01/31 16:26:20 [32m    LOG[39m [38;5;3m[InstanceLoader] [39m[32mOotdModule dependencies initialized[39m[38;5;3m +0ms[39m
[32m[Nest] 36416  - [39m2026/01/31 16:26:20 [32m    LOG[39m [38;5;3m[RoutesResolver] [39m[32mAppController {/}:[39m[38;5;3m +24ms[39m
[32m[Nest] 36416  - [39m2026/01/31 16:26:20 [32m    LOG[39m [38;5;3m[RouterExplorer] [39m[32mMapped {/, GET} route[39m[38;5;3m +2ms[39m
[32m[Nest] 36416  - [39m2026/01/31 16:26:20 [32m    LOG[39m [38;5;3m[RoutesResolver] [39m[32mUsersController {/users}:[39m[38;5;3m +0ms[39m
[32m[Nest] 36416  - [39m2026/01/31 16:26:20 [32m    LOG[39m [38;5;3m[RouterExplorer] [39m[32mMapped {/users/me, GET} route[39m[38;5;3m +0ms[39m
[32m[Nest] 36416  - [39m2026/01/31 16:26:20 [32m    LOG[39m [38;5;3m[RouterExplorer] [39m[32mMapped {/users/me, PATCH} route[39m[38;5;3m +1ms[39m
[32m[Nest] 36416  - [39m2026/01/31 16:26:20 [32m    LOG[39m [38;5;3m[RouterExplorer] [39m[32mMapped {/users/:id, GET} route[39m[38;5;3m +0ms[39m
[32m[Nest] 36416  - [39m2026/01/31 16:26:20 [32m    LOG[39m [38;5;3m[RoutesResolver] [39m[32mAuthController {/auth}:[39m[38;5;3m +0ms[39m
[32m[Nest] 36416  - [39m2026/01/31 16:26:20 [32m    LOG[39m [38;5;3m[RouterExplorer] [39m[32mMapped {/auth/login/wechat, POST} route[39m[38;5;3m +0ms[39m
[32m[Nest] 36416  - [39m2026/01/31 16:26:20 [32m    LOG[39m [38;5;3m[RouterExplorer] [39m[32mMapped {/auth/login/dev, POST} route[39m[38;5;3m +0ms[39m
[32m[Nest] 36416  - [39m2026/01/31 16:26:20 [32m    LOG[39m [38;5;3m[RoutesResolver] [39m[32mFamilyController {/families}:[39m[38;5;3m +0ms[39m
[32m[Nest] 36416  - [39m2026/01/31 16:26:20 [32m    LOG[39m [38;5;3m[RouterExplorer] [39m[32mMapped {/families, POST} route[39m[38;5;3m +1ms[39m
[32m[Nest] 36416  - [39m2026/01/31 16:26:20 [32m    LOG[39m [38;5;3m[RouterExplorer] [39m[32mMapped {/families/my, GET} route[39m[38;5;3m +0ms[39m
[32m[Nest] 36416  - [39m2026/01/31 16:26:20 [32m    LOG[39m [38;5;3m[RoutesResolver] [39m[32mBabyController {/babies}:[39m[38;5;3m +0ms[39m
[32m[Nest] 36416  - [39m2026/01/31 16:26:20 [32m    LOG[39m [38;5;3m[RouterExplorer] [39m[32mMapped {/babies, POST} route[39m[38;5;3m +0ms[39m
[32m[Nest] 36416  - [39m2026/01/31 16:26:20 [32m    LOG[39m [38;5;3m[RouterExplorer] [39m[32mMapped {/babies/family/:familyId, GET} route[39m[38;5;3m +0ms[39m
[32m[Nest] 36416  - [39m2026/01/31 16:26:20 [32m    LOG[39m [38;5;3m[RouterExplorer] [39m[32mMapped {/babies/:id, GET} route[39m[38;5;3m +0ms[39m
[32m[Nest] 36416  - [39m2026/01/31 16:26:20 [32m    LOG[39m [38;5;3m[RoutesResolver] [39m[32mRecordController {/records}:[39m[38;5;3m +0ms[39m
[32m[Nest] 36416  - [39m2026/01/31 16:26:20 [32m    LOG[39m [38;5;3m[RouterExplorer] [39m[32mMapped {/records, POST} route[39m[38;5;3m +0ms[39m
[32m[Nest] 36416  - [39m2026/01/31 16:26:20 [32m    LOG[39m [38;5;3m[RouterExplorer] [39m[32mMapped {/records/baby/:babyId/summary, GET} route[39m[38;5;3m +0ms[39m
[32m[Nest] 36416  - [39m2026/01/31 16:26:20 [32m    LOG[39m [38;5;3m[RouterExplorer] [39m[32mMapped {/records/baby/:babyId/trend, GET} route[39m[38;5;3m +1ms[39m
[32m[Nest] 36416  - [39m2026/01/31 16:26:20 [32m    LOG[39m [38;5;3m[RouterExplorer] [39m[32mMapped {/records/baby/:babyId/export, GET} route[39m[38;5;3m +0ms[39m
[32m[Nest] 36416  - [39m2026/01/31 16:26:20 [32m    LOG[39m [38;5;3m[RouterExplorer] [39m[32mMapped {/records/baby/:babyId, GET} route[39m[38;5;3m +0ms[39m
[32m[Nest] 36416  - [39m2026/01/31 16:26:20 [32m    LOG[39m [38;5;3m[RouterExplorer] [39m[32mMapped {/records/:id, GET} route[39m[38;5;3m +0ms[39m
[32m[Nest] 36416  - [39m2026/01/31 16:26:20 [32m    LOG[39m [38;5;3m[RouterExplorer] [39m[32mMapped {/records/:id, PATCH} route[39m[38;5;3m +0ms[39m
[32m[Nest] 36416  - [39m2026/01/31 16:26:20 [32m    LOG[39m [38;5;3m[RouterExplorer] [39m[32mMapped {/records/:id, DELETE} route[39m[38;5;3m +0ms[39m
[32m[Nest] 36416  - [39m2026/01/31 16:26:20 [32m    LOG[39m [38;5;3m[RoutesResolver] [39m[32mOotdController {/ootd}:[39m[38;5;3m +0ms[39m
[32m[Nest] 36416  - [39m2026/01/31 16:26:20 [32m    LOG[39m [38;5;3m[RouterExplorer] [39m[32mMapped {/ootd, POST} route[39m[38;5;3m +0ms[39m
[32m[Nest] 36416  - [39m2026/01/31 16:26:20 [32m    LOG[39m [38;5;3m[RouterExplorer] [39m[32mMapped {/ootd/upload, POST} route[39m[38;5;3m +1ms[39m
[32m[Nest] 36416  - [39m2026/01/31 16:26:20 [32m    LOG[39m [38;5;3m[RouterExplorer] [39m[32mMapped {/ootd/baby/:babyId, GET} route[39m[38;5;3m +0ms[39m
[32m[Nest] 36416  - [39m2026/01/31 16:26:20 [32m    LOG[39m [38;5;3m[RouterExplorer] [39m[32mMapped {/ootd/calendar/:babyId/:year/:month, GET} route[39m[38;5;3m +0ms[39m
[32m[Nest] 36416  - [39m2026/01/31 16:26:20 [32m    LOG[39m [38;5;3m[RouterExplorer] [39m[32mMapped {/ootd/:id, GET} route[39m[38;5;3m +0ms[39m
[32m[Nest] 36416  - [39m2026/01/31 16:26:20 [32m    LOG[39m [38;5;3m[RouterExplorer] [39m[32mMapped {/ootd/:id/like, POST} route[39m[38;5;3m +0ms[39m
[32m[Nest] 36416  - [39m2026/01/31 16:26:20 [32m    LOG[39m [38;5;3m[RouterExplorer] [39m[32mMapped {/ootd/:id, DELETE} route[39m[38;5;3m +0ms[39m
[32m[Nest] 36416  - [39m2026/01/31 16:26:20 [32m    LOG[39m [38;5;3m[RoutesResolver] [39m[32mSettingsController {/settings}:[39m[38;5;3m +0ms[39m
[32m[Nest] 36416  - [39m2026/01/31 16:26:20 [32m    LOG[39m [38;5;3m[RouterExplorer] [39m[32mMapped {/settings, GET} route[39m[38;5;3m +0ms[39m
[32m[Nest] 36416  - [39m2026/01/31 16:26:20 [32m    LOG[39m [38;5;3m[RouterExplorer] [39m[32mMapped {/settings, PUT} route[39m[38;5;3m +1ms[39m
[32m[Nest] 36416  - [39m2026/01/31 16:26:20 [32m    LOG[39m [38;5;3m[RoutesResolver] [39m[32mNotificationsController {/notifications}:[39m[38;5;3m +0ms[39m
[32m[Nest] 36416  - [39m2026/01/31 16:26:20 [32m    LOG[39m [38;5;3m[RouterExplorer] [39m[32mMapped {/notifications, GET} route[39m[38;5;3m +0ms[39m
[32m[Nest] 36416  - [39m2026/01/31 16:26:20 [32m    LOG[39m [38;5;3m[RouterExplorer] [39m[32mMapped {/notifications, POST} route[39m[38;5;3m +0ms[39m
[32m[Nest] 36416  - [39m2026/01/31 16:26:20 [32m    LOG[39m [38;5;3m[RouterExplorer] [39m[32mMapped {/notifications/:id/read, POST} route[39m[38;5;3m +0ms[39m
[32m[Nest] 36416  - [39m2026/01/31 16:26:20 [32m    LOG[39m [38;5;3m[NestApplication] [39m[32mNest application successfully started[39m[38;5;3m +2ms[39m
[31m[Nest] 36416  - [39m2026/01/31 16:26:20 [31m  ERROR[39m [38;5;3m[NestApplication] [39m[31mError: listen EADDRINUSE: address already in use 127.0.0.1:3000[39m[38;5;3m +14ms[39m
node:net:1940
    const ex = new UVExceptionWithHostPort(err, 'listen', address, port);
               ^

Error: listen EADDRINUSE: address already in use 127.0.0.1:3000
    at Server.setupListenHandle [as _listen2] (node:net:1940:16)
    at listenInCluster (node:net:1997:12)
    at node:net:2206:7
    at process.processTicksAndRejections (node:internal/process/task_queues:89:21) {
  code: 'EADDRINUSE',
  errno: -4091,
  syscall: 'listen',
  address: '127.0.0.1',
  port: 3000
}

Node.js v24.11.1
